<?xml version="1.0" encoding="UTF-8"?>
<testng-results skipped="0" failed="0" total="1" passed="1">
  <reporter-output>
  </reporter-output>
  <suite name="Suite" duration-ms="44" started-at="2017-04-22T04:17:24Z" finished-at="2017-04-22T04:17:24Z">
    <groups>
    </groups>
    <test name="Test" duration-ms="44" started-at="2017-04-22T04:17:24Z" finished-at="2017-04-22T04:17:24Z">
      <class name="jenkinsdemo.testjenkins">
        <test-method status="PASS" signature="test1()[pri:0, instance:jenkinsdemo.testjenkins@42d80b78]" name="test1" duration-ms="16" started-at="2017-04-22T09:47:24Z" finished-at="2017-04-22T09:47:24Z">
          <reporter-output>
          </reporter-output>
        </test-method> <!-- test1 -->
      </class> <!-- jenkinsdemo.testjenkins -->
    </test> <!-- Test -->
  </suite> <!-- Suite -->
</testng-results>
